<html>
<head>
<title>TestNG:  Surefire test</title>
<link href="../testng.css" rel="stylesheet" type="text/css" />
<link href="../my-testng.css" rel="stylesheet" type="text/css" />

<style type="text/css">
.log { display: none;} 
.stack-trace { display: none;} 
</style>
<script type="text/javascript">
<!--
function flip(e) {
  current = e.style.display;
  if (current == 'block') {
    e.style.display = 'none';
    return 0;
  }
  else {
    e.style.display = 'block';
    return 1;
  }
}

function toggleBox(szDivId, elem, msg1, msg2)
{
  var res = -1;  if (document.getElementById) {
    res = flip(document.getElementById(szDivId));
  }
  else if (document.all) {
    // this is the way old msie versions work
    res = flip(document.all[szDivId]);
  }
  if(elem) {
    if(res == 0) elem.innerHTML = msg1; else elem.innerHTML = msg2;
  }

}

function toggleAllBoxes() {
  if (document.getElementsByTagName) {
    d = document.getElementsByTagName('div');
    for (i = 0; i < d.length; i++) {
      if (d[i].className == 'log') {
        flip(d[i]);
      }
    }
  }
}

// -->
</script>

</head>
<body>
<h2 align='center'>Surefire test</h2><table border='1' align="center">
<tr>
<td>Tests passed/Failed/Skipped:</td><td>16/3/0</td>
</tr><tr>
<td>Started on:</td><td>Sun Jan 15 09:08:44 EET 2023</td>
</tr>
<tr><td>Total time:</td><td>210 seconds (210020 ms)</td>
</tr><tr>
<td>Included groups:</td><td></td>
</tr><tr>
<td>Excluded groups:</td><td></td>
</tr>
</table><p/>
<small><i>(Hover the method name to see the test class name)</i></small><p/>
<table width='100%' border='1' class='invocation-failed'>
<tr><td colspan='4' align='center'><b>FAILED TESTS</b></td></tr>
<tr><td><b>Test method</b></td>
<td><b>Attribute(s)</b></td>
<td width="30%"><b>Exception</b></td>
<td width="10%"><b>Time (seconds)</b></td>
<td><b>Instance</b></td>
</tr>
<tr>
<td title='org.example.testRunner.runners.runScenario()'><b>runScenario</b><br>Test class: org.example.testRunner.runners<br>Test method: Runs Cucumber Scenarios<br>Parameters: "First slider Nokia click", "Sliders | users can find two sliders when they open home page and Click on them"</td>
<td><div><pre>java.lang.AssertionError: The following asserts failed:
	Assertion of Nokia URL expected [https://demo.nopcommerce.com/nokia-lumia-1020] but found [https://demo.nopcommerce.com/]
	at org.example.stepDefs.D06_homeSlidersStepDef.shouldNavigateToNokiaPage(D06_homeSlidersStepDef.java:27)
	at ✽.should navigate to nokia Page(file:///C:/Users/Kimo%20Store/IdeaProjects/EcommerceAutomationProject/src/main/resources/features/F06_homeSliders.feature:5)
... Removed 2 stack frames</pre></div><a href='#' onClick='toggleBox("stack-trace1944370016", this, "Click to show all stack frames", "Click to hide stack frames")'>Click to show all stack frames</a>
<div class='stack-trace' id='stack-trace1944370016'><pre>java.lang.AssertionError: The following asserts failed:
	Assertion of Nokia URL expected [https://demo.nopcommerce.com/nokia-lumia-1020] but found [https://demo.nopcommerce.com/]
	at org.testng.asserts.SoftAssert.assertAll(SoftAssert.java:46)
	at org.testng.asserts.SoftAssert.assertAll(SoftAssert.java:30)
	at org.example.stepDefs.D06_homeSlidersStepDef.shouldNavigateToNokiaPage(D06_homeSlidersStepDef.java:27)
	at ✽.should navigate to nokia Page(file:///C:/Users/Kimo%20Store/IdeaProjects/EcommerceAutomationProject/src/main/resources/features/F06_homeSliders.feature:5)
</pre></div></td>
<td>5</td>
<td>org.example.testRunner.runners@2f177a4b</td></tr>
<tr>
<td title='org.example.testRunner.runners.runScenario()'><b>runScenario</b><br>Test class: org.example.testRunner.runners<br>Test method: Runs Cucumber Scenarios<br>Parameters: "users click on rss link", "FollowUs | users could open followUs links"</td>
<td><div><pre>org.openqa.selenium.TimeoutException: Expected condition failed: waiting for number of open windows to be 2 (tried for 20 second(s) with 500 milliseconds interval)
Build info: version: &apos;4.7.2&apos;, revision: &apos;4d4020c3b7&apos;
System info: os.name: &apos;Windows 10&apos;, os.arch: &apos;amd64&apos;, os.version: &apos;10.0&apos;, java.version: &apos;19.0.1&apos;
Driver info: org.openqa.selenium.chrome.ChromeDriver
Capabilities {acceptInsecureCerts: false, browserName: chrome, browserVersion: 108.0.5359.126, chrome: {chromedriverVersion: 108.0.5359.71 (1e0e3868ee06..., userDataDir: C:\Users\KIMOST~1\AppData\L...}, goog:chromeOptions: {debuggerAddress: localhost:58371}, networkConnectionEnabled: false, pageLoadStrategy: normal, platformName: WINDOWS, proxy: Proxy(), se:cdp: ws://localhost:58371/devtoo..., se:cdpVersion: 108.0.5359.126, setWindowRect: true, strictFileInteractability: false, timeouts: {implicit: 0, pageLoad: 300000, script: 30000}, unhandledPromptBehavior: dismiss and notify, webauthn:extension:credBlob: true, webauthn:extension:largeBlob: true, webauthn:virtualAuthenticators: true}
Session ID: aaa86e8bad6d1f0181a5aeeeda890ca1
	at org.openqa.selenium.support.ui.WebDriverWait.timeoutException(WebDriverWait.java:87)
	at org.openqa.selenium.support.ui.FluentWait.until(FluentWait.java:231)
	at org.example.stepDefs.D07_followUsStepDef.userOpensNewTab(D07_followUsStepDef.java:45)
	at ✽.user opens new tab(file:///C:/Users/Kimo%20Store/IdeaProjects/EcommerceAutomationProject/src/main/resources/features/F07_followUs.feature:19)
</pre></div><a href='#' onClick='toggleBox("stack-trace797374927", this, "Click to show all stack frames", "Click to hide stack frames")'>Click to show all stack frames</a>
<div class='stack-trace' id='stack-trace797374927'><pre>org.openqa.selenium.TimeoutException: Expected condition failed: waiting for number of open windows to be 2 (tried for 20 second(s) with 500 milliseconds interval)
Build info: version: &apos;4.7.2&apos;, revision: &apos;4d4020c3b7&apos;
System info: os.name: &apos;Windows 10&apos;, os.arch: &apos;amd64&apos;, os.version: &apos;10.0&apos;, java.version: &apos;19.0.1&apos;
Driver info: org.openqa.selenium.chrome.ChromeDriver
Capabilities {acceptInsecureCerts: false, browserName: chrome, browserVersion: 108.0.5359.126, chrome: {chromedriverVersion: 108.0.5359.71 (1e0e3868ee06..., userDataDir: C:\Users\KIMOST~1\AppData\L...}, goog:chromeOptions: {debuggerAddress: localhost:58371}, networkConnectionEnabled: false, pageLoadStrategy: normal, platformName: WINDOWS, proxy: Proxy(), se:cdp: ws://localhost:58371/devtoo..., se:cdpVersion: 108.0.5359.126, setWindowRect: true, strictFileInteractability: false, timeouts: {implicit: 0, pageLoad: 300000, script: 30000}, unhandledPromptBehavior: dismiss and notify, webauthn:extension:credBlob: true, webauthn:extension:largeBlob: true, webauthn:virtualAuthenticators: true}
Session ID: aaa86e8bad6d1f0181a5aeeeda890ca1
	at org.openqa.selenium.support.ui.WebDriverWait.timeoutException(WebDriverWait.java:87)
	at org.openqa.selenium.support.ui.FluentWait.until(FluentWait.java:231)
	at org.example.stepDefs.D07_followUsStepDef.userOpensNewTab(D07_followUsStepDef.java:45)
	at ✽.user opens new tab(file:///C:/Users/Kimo%20Store/IdeaProjects/EcommerceAutomationProject/src/main/resources/features/F07_followUs.feature:19)
</pre></div></td>
<td>26</td>
<td>org.example.testRunner.runners@2f177a4b</td></tr>
<tr>
<td title='org.example.testRunner.runners.runScenario()'><b>runScenario</b><br>Test class: org.example.testRunner.runners<br>Test method: Runs Cucumber Scenarios<br>Parameters: "Second slider Iphone click", "Sliders | users can find two sliders when they open home page and Click on them"</td>
<td><div><pre>java.lang.AssertionError: The following asserts failed:
	Assertion of Iphone URL expected [https://demo.nopcommerce.com/iphone-6] but found [https://demo.nopcommerce.com/]
	at org.example.stepDefs.D06_homeSlidersStepDef.shouldNavigateToIphonePage(D06_homeSlidersStepDef.java:43)
	at ✽.should navigate to Iphone Page(file:///C:/Users/Kimo%20Store/IdeaProjects/EcommerceAutomationProject/src/main/resources/features/F06_homeSliders.feature:10)
... Removed 2 stack frames</pre></div><a href='#' onClick='toggleBox("stack-trace334462881", this, "Click to show all stack frames", "Click to hide stack frames")'>Click to show all stack frames</a>
<div class='stack-trace' id='stack-trace334462881'><pre>java.lang.AssertionError: The following asserts failed:
	Assertion of Iphone URL expected [https://demo.nopcommerce.com/iphone-6] but found [https://demo.nopcommerce.com/]
	at org.testng.asserts.SoftAssert.assertAll(SoftAssert.java:46)
	at org.testng.asserts.SoftAssert.assertAll(SoftAssert.java:30)
	at org.example.stepDefs.D06_homeSlidersStepDef.shouldNavigateToIphonePage(D06_homeSlidersStepDef.java:43)
	at ✽.should navigate to Iphone Page(file:///C:/Users/Kimo%20Store/IdeaProjects/EcommerceAutomationProject/src/main/resources/features/F06_homeSliders.feature:10)
</pre></div></td>
<td>5</td>
<td>org.example.testRunner.runners@2f177a4b</td></tr>
</table><p>
<table width='100%' border='1' class='invocation-passed'>
<tr><td colspan='4' align='center'><b>PASSED TESTS</b></td></tr>
<tr><td><b>Test method</b></td>
<td><b>Attribute(s)</b></td>
<td width="30%"><b>Exception</b></td>
<td width="10%"><b>Time (seconds)</b></td>
<td><b>Instance</b></td>
</tr>
<tr>
<td title='org.example.testRunner.runners.runScenario()'><b>runScenario</b><br>Test class: org.example.testRunner.runners<br>Test method: Runs Cucumber Scenarios<br>Parameters: "user could login with valid email and password", "users could use login functionality to use their accounts"</td>
<td></td>
<td>7</td>
<td>org.example.testRunner.runners@2f177a4b</td></tr>
<tr>
<td title='org.example.testRunner.runners.runScenario()'><b>runScenario</b><br>Test class: org.example.testRunner.runners<br>Test method: Runs Cucumber Scenarios<br>Parameters: "user could search using Sku", "Search | users could using product name and sku"</td>
<td></td>
<td>11</td>
<td>org.example.testRunner.runners@2f177a4b</td></tr>
<tr>
<td title='org.example.testRunner.runners.runScenario()'><b>runScenario</b><br>Test class: org.example.testRunner.runners<br>Test method: Runs Cucumber Scenarios<br>Parameters: "user could search using Sku", "Search | users could using product name and sku"</td>
<td></td>
<td>10</td>
<td>org.example.testRunner.runners@2f177a4b</td></tr>
<tr>
<td title='org.example.testRunner.runners.runScenario()'><b>runScenario</b><br>Test class: org.example.testRunner.runners<br>Test method: Runs Cucumber Scenarios<br>Parameters: "user could login with invalid email and password", "users could use login functionality to use their accounts"</td>
<td></td>
<td>7</td>
<td>org.example.testRunner.runners@2f177a4b</td></tr>
<tr>
<td title='org.example.testRunner.runners.runScenario()'><b>runScenario</b><br>Test class: org.example.testRunner.runners<br>Test method: Runs Cucumber Scenarios<br>Parameters: "user could search using product name", "Search | users could using product name and sku"</td>
<td></td>
<td>6</td>
<td>org.example.testRunner.runners@2f177a4b</td></tr>
<tr>
<td title='org.example.testRunner.runners.runScenario()'><b>runScenario</b><br>Test class: org.example.testRunner.runners<br>Test method: Runs Cucumber Scenarios<br>Parameters: "user add products to wishlist card", "WishList | users can add products to wishlist card"</td>
<td></td>
<td>14</td>
<td>org.example.testRunner.runners@2f177a4b</td></tr>
<tr>
<td title='org.example.testRunner.runners.runScenario()'><b>runScenario</b><br>Test class: org.example.testRunner.runners<br>Test method: Runs Cucumber Scenarios<br>Parameters: "user add products to wishlist card", "WishList | users can add products to wishlist card"</td>
<td></td>
<td>12</td>
<td>org.example.testRunner.runners@2f177a4b</td></tr>
<tr>
<td title='org.example.testRunner.runners.runScenario()'><b>runScenario</b><br>Test class: org.example.testRunner.runners<br>Test method: Runs Cucumber Scenarios<br>Parameters: "guest user could register with valid data successfully", "F01_Register | users could register with new accounts"</td>
<td></td>
<td>8</td>
<td>org.example.testRunner.runners@2f177a4b</td></tr>
<tr>
<td title='org.example.testRunner.runners.runScenario()'><b>runScenario</b><br>Test class: org.example.testRunner.runners<br>Test method: Runs Cucumber Scenarios<br>Parameters: "user could search using product name", "Search | users could using product name and sku"</td>
<td></td>
<td>6</td>
<td>org.example.testRunner.runners@2f177a4b</td></tr>
<tr>
<td title='org.example.testRunner.runners.runScenario()'><b>runScenario</b><br>Test class: org.example.testRunner.runners<br>Test method: Runs Cucumber Scenarios<br>Parameters: "user could search using product name", "Search | users could using product name and sku"</td>
<td></td>
<td>6</td>
<td>org.example.testRunner.runners@2f177a4b</td></tr>
<tr>
<td title='org.example.testRunner.runners.runScenario()'><b>runScenario</b><br>Test class: org.example.testRunner.runners<br>Test method: Runs Cucumber Scenarios<br>Parameters: "user could search using Sku", "Search | users could using product name and sku"</td>
<td></td>
<td>10</td>
<td>org.example.testRunner.runners@2f177a4b</td></tr>
<tr>
<td title='org.example.testRunner.runners.runScenario()'><b>runScenario</b><br>Test class: org.example.testRunner.runners<br>Test method: Runs Cucumber Scenarios<br>Parameters: "users click on facebook link", "FollowUs | users could open followUs links"</td>
<td></td>
<td>18</td>
<td>org.example.testRunner.runners@2f177a4b</td></tr>
<tr>
<td title='org.example.testRunner.runners.runScenario()'><b>runScenario</b><br>Test class: org.example.testRunner.runners<br>Test method: Runs Cucumber Scenarios<br>Parameters: "user will select randomly from three main category", "hover on one of main categories then click on sub category"</td>
<td></td>
<td>6</td>
<td>org.example.testRunner.runners@2f177a4b</td></tr>
<tr>
<td title='org.example.testRunner.runners.runScenario()'><b>runScenario</b><br>Test class: org.example.testRunner.runners<br>Test method: Runs Cucumber Scenarios<br>Parameters: "users click on twitter link", "FollowUs | users could open followUs links"</td>
<td></td>
<td>15</td>
<td>org.example.testRunner.runners@2f177a4b</td></tr>
<tr>
<td title='org.example.testRunner.runners.runScenario()'><b>runScenario</b><br>Test class: org.example.testRunner.runners<br>Test method: Runs Cucumber Scenarios<br>Parameters: "user could select euro currency", "Currency | users could change currency view"</td>
<td></td>
<td>6</td>
<td>org.example.testRunner.runners@2f177a4b</td></tr>
<tr>
<td title='org.example.testRunner.runners.runScenario()'><b>runScenario</b><br>Test class: org.example.testRunner.runners<br>Test method: Runs Cucumber Scenarios<br>Parameters: "users click on youtube link", "FollowUs | users could open followUs links"</td>
<td></td>
<td>22</td>
<td>org.example.testRunner.runners@2f177a4b</td></tr>
</table><p>
</body>
</html>