<?xml version="1.0" encoding="UTF-8" standalone="no"?>
<testsuite errors="0" failures="1" name="io.cucumber.core.plugin.JUnitFormatter" skipped="0" tests="12" time="125.034">
    <testcase classname="Logged user could add different products to Wishlist" name="Logged user could add different products to Wishlist" time="11.315">
        <system-out><![CDATA[Given user go to login page.................................................passed
And user login with valid email and password................................passed
And user press on login button..............................................passed
When user select category...................................................passed
And user add product to wishlist............................................passed
Then product added to wishlist..............................................passed
]]></system-out>
    </testcase>
    <testcase classname="Logged user could add different products to compare list" name="Logged user could add different products to compare list" time="9.271">
        <system-out><![CDATA[Given user go to login page.................................................passed
And user login with valid email and password................................passed
And user press on login button..............................................passed
When user select category...................................................passed
And user add product to compare list........................................passed
Then product added to compare list..........................................passed
]]></system-out>
    </testcase>
    <testcase classname="Create successful Order" name="create successful Order" time="11.423">
        <system-out><![CDATA[Given user go to login page.................................................passed
And user login with valid email and password................................passed
And user press on login button..............................................passed
When user select category...................................................passed
And user clicking on selected product.......................................passed
And user click on shopping cart upper page..................................passed
And user click on checkbox to agree terms...................................passed
And user click on checkout button...........................................passed
Then checkout page opend....................................................passed
]]></system-out>
    </testcase>
    <testcase classname="F01_Register | User could register with valid data" name="User could register with valid data" time="20.194">
        <failure message="no such element: Unable to locate element: {&quot;method&quot;:&quot;css selector&quot;,&quot;selector&quot;:&quot;.result&quot;}&#10;  (Session info: chrome=108.0.5359.126)&#10;For documentation on this error, please visit: https://selenium.dev/exceptions/#no_such_element&#10;Build info: version: '4.7.2', revision: '4d4020c3b7'&#10;System info: os.name: 'Windows 10', os.arch: 'amd64', os.version: '10.0', java.version: '19.0.1'&#10;Driver info: org.openqa.selenium.chrome.ChromeDriver&#10;Command: [d65a56577a152d9e0868421b21998f2b, findElement {using=class name, value=result}]&#10;Capabilities {acceptInsecureCerts: false, browserName: chrome, browserVersion: 108.0.5359.126, chrome: {chromedriverVersion: 108.0.5359.71 (1e0e3868ee06..., userDataDir: C:\Users\KIMOST~1\AppData\L...}, goog:chromeOptions: {debuggerAddress: localhost:50952}, networkConnectionEnabled: false, pageLoadStrategy: normal, platformName: WINDOWS, proxy: Proxy(), se:cdp: ws://localhost:50952/devtoo..., se:cdpVersion: 108.0.5359.126, setWindowRect: true, strictFileInteractability: false, timeouts: {implicit: 0, pageLoad: 300000, script: 30000}, unhandledPromptBehavior: dismiss and notify, webauthn:extension:credBlob: true, webauthn:extension:largeBlob: true, webauthn:virtualAuthenticators: true}&#10;Session ID: d65a56577a152d9e0868421b21998f2b" type="org.openqa.selenium.NoSuchElementException"><![CDATA[Given user go to register page..............................................passed
When user select gender type................................................passed
And user enter the user name................................................passed
And user enter date of birth................................................passed
And user enter email........................................................passed
And user fills Password fields..............................................passed
And user clicks on register button..........................................passed
Then success message is displayed...........................................failed

StackTrace:
org.openqa.selenium.NoSuchElementException: no such element: Unable to locate element: {"method":"css selector","selector":".result"}
  (Session info: chrome=108.0.5359.126)
For documentation on this error, please visit: https://selenium.dev/exceptions/#no_such_element
Build info: version: '4.7.2', revision: '4d4020c3b7'
System info: os.name: 'Windows 10', os.arch: 'amd64', os.version: '10.0', java.version: '19.0.1'
Driver info: org.openqa.selenium.chrome.ChromeDriver
Command: [d65a56577a152d9e0868421b21998f2b, findElement {using=class name, value=result}]
Capabilities {acceptInsecureCerts: false, browserName: chrome, browserVersion: 108.0.5359.126, chrome: {chromedriverVersion: 108.0.5359.71 (1e0e3868ee06..., userDataDir: C:\Users\KIMOST~1\AppData\L...}, goog:chromeOptions: {debuggerAddress: localhost:50952}, networkConnectionEnabled: false, pageLoadStrategy: normal, platformName: WINDOWS, proxy: Proxy(), se:cdp: ws://localhost:50952/devtoo..., se:cdpVersion: 108.0.5359.126, setWindowRect: true, strictFileInteractability: false, timeouts: {implicit: 0, pageLoad: 300000, script: 30000}, unhandledPromptBehavior: dismiss and notify, webauthn:extension:credBlob: true, webauthn:extension:largeBlob: true, webauthn:virtualAuthenticators: true}
Session ID: d65a56577a152d9e0868421b21998f2b
	at java.base/jdk.internal.reflect.DirectConstructorHandleAccessor.newInstance(DirectConstructorHandleAccessor.java:67)
	at java.base/java.lang.reflect.Constructor.newInstanceWithCaller(Constructor.java:500)
	at java.base/java.lang.reflect.Constructor.newInstance(Constructor.java:484)
	at org.openqa.selenium.remote.codec.w3c.W3CHttpResponseCodec.createException(W3CHttpResponseCodec.java:200)
	at org.openqa.selenium.remote.codec.w3c.W3CHttpResponseCodec.decode(W3CHttpResponseCodec.java:133)
	at org.openqa.selenium.remote.codec.w3c.W3CHttpResponseCodec.decode(W3CHttpResponseCodec.java:53)
	at org.openqa.selenium.remote.HttpCommandExecutor.execute(HttpCommandExecutor.java:184)
	at org.openqa.selenium.remote.service.DriverCommandExecutor.invokeExecute(DriverCommandExecutor.java:167)
	at org.openqa.selenium.remote.service.DriverCommandExecutor.execute(DriverCommandExecutor.java:142)
	at org.openqa.selenium.remote.RemoteWebDriver.execute(RemoteWebDriver.java:535)
	at org.openqa.selenium.remote.ElementLocation$ElementFinder$2.findElement(ElementLocation.java:162)
	at org.openqa.selenium.remote.ElementLocation.findElement(ElementLocation.java:60)
	at org.openqa.selenium.remote.RemoteWebDriver.findElement(RemoteWebDriver.java:351)
	at org.openqa.selenium.remote.RemoteWebDriver.findElement(RemoteWebDriver.java:343)
	at org.example.stepDefs.D01_registerStepDef.registration_completed(D01_registerStepDef.java:44)
	at âœ½.success message is displayed(file:///C:/Users/Kimo%20Store/IdeaProjects/EcommerceAutomationProject/src/main/resources/features/F1_Register.feature:11)
]]></failure>
    </testcase>
    <testcase classname="F02_Login |User could log in with valid email and password" name="user could login with valid email and password" time="10.259">
        <system-out><![CDATA[Given user go to login page.................................................passed
When user login with valid email and password...............................passed
And user press on login button..............................................passed
Then user login to the system successfully..................................passed
]]></system-out>
    </testcase>
    <testcase classname="User reset his/her password successfully" name="reset password" time="8.618">
        <system-out><![CDATA[Given user go to login page.................................................passed
When click on forget password...............................................passed
And user put email..........................................................passed
And user press recover button...............................................passed
Then confirmation message appears...........................................passed
]]></system-out>
    </testcase>
    <testcase classname="Logged User could search for any product" name="Logged User could search for any product" time="9.085">
        <system-out><![CDATA[Given user go to login page.................................................passed
And user login with valid email and password................................passed
And user press on login button..............................................passed
When user write product in search box.......................................passed
Then user click search button...............................................passed
]]></system-out>
    </testcase>
    <testcase classname="F03_Currency | users could change currency view" name="user could select euro currency" time="7.539">
        <system-out><![CDATA[Given user go to login page.................................................passed
And user login with valid email and password................................passed
And user press on login button..............................................passed
When click on currency drop-list and choose Euro............................passed
Then euro symbol is applied.................................................passed
]]></system-out>
    </testcase>
    <testcase classname="Logged user could select different Categories" name="Logged user could select different Categories" time="8.498">
        <system-out><![CDATA[Given user go to login page.................................................passed
And user login with valid email and password................................passed
And user press on login button..............................................passed
When user select category...................................................passed
Then the selected category should be displayed..............................passed
]]></system-out>
    </testcase>
    <testcase classname="Logged user could filter with color" name="Logged user could filter with color" time="9.041">
        <system-out><![CDATA[Given user go to login page.................................................passed
And user login with valid email and password................................passed
And user press on login button..............................................passed
When user hover Apparel and select on Shoes.................................passed
And the selected subcategory should be displayed............................passed
Then user filter by color...................................................passed
]]></system-out>
    </testcase>
    <testcase classname="User select different tags in product page" name="select different tags in categorise page" time="9.973">
        <system-out><![CDATA[Given user go to login page.................................................passed
And user login with valid email and password................................passed
And user press on login button..............................................passed
When user select category...................................................passed
And user click on tag.......................................................passed
Then check tag assertion....................................................passed
]]></system-out>
    </testcase>
    <testcase classname="Logged user could add different products to Shopping cart" name="Logged user could add different products to Shopping cart" time="9.504">
        <system-out><![CDATA[Given user go to login page.................................................passed
And user login with valid email and password................................passed
And user press on login button..............................................passed
When user select category...................................................passed
And user clicking on selected product.......................................passed
Then the product added to cart..............................................passed
]]></system-out>
    </testcase>
</testsuite>
