<?xml version="1.0" encoding="UTF-8"?>
<!-- Generated by org.testng.reporters.JUnitReportReporter -->
<testsuite hostname="DESKTOP-KJA0D1N" failures="2" tests="19" name="org.example.testRunner.runners" time="209.289" errors="1" timestamp="2023-01-15T09:12:14 EET" skipped="0">
  <testcase classname="org.example.testRunner.runners" name="runScenario" time="7.002"/>
  <system-out/>
  <testcase classname="org.example.testRunner.runners" name="runScenario" time="5.614">
    <failure message="The following asserts failed:
	Assertion of Nokia URL expected [https://demo.nopcommerce.com/nokia-lumia-1020] but found [https://demo.nopcommerce.com/]" type="java.lang.AssertionError">
      <![CDATA[java.lang.AssertionError: The following asserts failed:
Assertion of Nokia URL expected [https://demo.nopcommerce.com/nokia-lumia-1020] but found [https://demo.nopcommerce.com/]
at org.testng.asserts.SoftAssert.assertAll(SoftAssert.java:46)
at org.testng.asserts.SoftAssert.assertAll(SoftAssert.java:30)
at org.example.stepDefs.D06_homeSlidersStepDef.shouldNavigateToNokiaPage(D06_homeSlidersStepDef.java:27)
at ✽.should navigate to nokia Page(file:///C:/Users/Kimo%20Store/IdeaProjects/EcommerceAutomationProject/src/main/resources/features/F06_homeSliders.feature:5)
]]>
    </failure>
  </testcase> <!-- runScenario -->
  <system-out/>
  <testcase classname="org.example.testRunner.runners" name="runScenario" time="11.019"/>
  <system-out/>
  <testcase classname="org.example.testRunner.runners" name="runScenario" time="10.587"/>
  <system-out/>
  <testcase classname="org.example.testRunner.runners" name="runScenario" time="26.206">
    <error message="Expected condition failed: waiting for number of open windows to be 2 (tried for 20 second(s) with 500 milliseconds interval)
Build info: version: &#039;4.7.2&#039;, revision: &#039;4d4020c3b7&#039;
System info: os.name: &#039;Windows 10&#039;, os.arch: &#039;amd64&#039;, os.version: &#039;10.0&#039;, java.version: &#039;19.0.1&#039;
Driver info: org.openqa.selenium.chrome.ChromeDriver
Capabilities {acceptInsecureCerts: false, browserName: chrome, browserVersion: 108.0.5359.126, chrome: {chromedriverVersion: 108.0.5359.71 (1e0e3868ee06..., userDataDir: C:\Users\KIMOST~1\AppData\L...}, goog:chromeOptions: {debuggerAddress: localhost:58371}, networkConnectionEnabled: false, pageLoadStrategy: normal, platformName: WINDOWS, proxy: Proxy(), se:cdp: ws://localhost:58371/devtoo..., se:cdpVersion: 108.0.5359.126, setWindowRect: true, strictFileInteractability: false, timeouts: {implicit: 0, pageLoad: 300000, script: 30000}, unhandledPromptBehavior: dismiss and notify, webauthn:extension:credBlob: true, webauthn:extension:largeBlob: true, webauthn:virtualAuthenticators: true}
Session ID: aaa86e8bad6d1f0181a5aeeeda890ca1" type="org.openqa.selenium.TimeoutException">
      <![CDATA[org.openqa.selenium.TimeoutException: Expected condition failed: waiting for number of open windows to be 2 (tried for 20 second(s) with 500 milliseconds interval)
Build info: version: '4.7.2', revision: '4d4020c3b7'
System info: os.name: 'Windows 10', os.arch: 'amd64', os.version: '10.0', java.version: '19.0.1'
Driver info: org.openqa.selenium.chrome.ChromeDriver
Capabilities {acceptInsecureCerts: false, browserName: chrome, browserVersion: 108.0.5359.126, chrome: {chromedriverVersion: 108.0.5359.71 (1e0e3868ee06..., userDataDir: C:\Users\KIMOST~1\AppData\L...}, goog:chromeOptions: {debuggerAddress: localhost:58371}, networkConnectionEnabled: false, pageLoadStrategy: normal, platformName: WINDOWS, proxy: Proxy(), se:cdp: ws://localhost:58371/devtoo..., se:cdpVersion: 108.0.5359.126, setWindowRect: true, strictFileInteractability: false, timeouts: {implicit: 0, pageLoad: 300000, script: 30000}, unhandledPromptBehavior: dismiss and notify, webauthn:extension:credBlob: true, webauthn:extension:largeBlob: true, webauthn:virtualAuthenticators: true}
Session ID: aaa86e8bad6d1f0181a5aeeeda890ca1
at org.openqa.selenium.support.ui.WebDriverWait.timeoutException(WebDriverWait.java:87)
at org.openqa.selenium.support.ui.FluentWait.until(FluentWait.java:231)
at org.example.stepDefs.D07_followUsStepDef.userOpensNewTab(D07_followUsStepDef.java:45)
at ✽.user opens new tab(file:///C:/Users/Kimo%20Store/IdeaProjects/EcommerceAutomationProject/src/main/resources/features/F07_followUs.feature:19)
]]>
    </error>
  </testcase> <!-- runScenario -->
  <system-out/>
  <testcase classname="org.example.testRunner.runners" name="runScenario" time="7.789"/>
  <system-out/>
  <testcase classname="org.example.testRunner.runners" name="runScenario" time="6.734"/>
  <system-out/>
  <testcase classname="org.example.testRunner.runners" name="runScenario" time="14.800"/>
  <system-out/>
  <testcase classname="org.example.testRunner.runners" name="runScenario" time="5.541">
    <failure message="The following asserts failed:
	Assertion of Iphone URL expected [https://demo.nopcommerce.com/iphone-6] but found [https://demo.nopcommerce.com/]" type="java.lang.AssertionError">
      <![CDATA[java.lang.AssertionError: The following asserts failed:
Assertion of Iphone URL expected [https://demo.nopcommerce.com/iphone-6] but found [https://demo.nopcommerce.com/]
at org.testng.asserts.SoftAssert.assertAll(SoftAssert.java:46)
at org.testng.asserts.SoftAssert.assertAll(SoftAssert.java:30)
at org.example.stepDefs.D06_homeSlidersStepDef.shouldNavigateToIphonePage(D06_homeSlidersStepDef.java:43)
at ✽.should navigate to Iphone Page(file:///C:/Users/Kimo%20Store/IdeaProjects/EcommerceAutomationProject/src/main/resources/features/F06_homeSliders.feature:10)
]]>
    </failure>
  </testcase> <!-- runScenario -->
  <system-out/>
  <testcase classname="org.example.testRunner.runners" name="runScenario" time="12.290"/>
  <system-out/>
  <testcase classname="org.example.testRunner.runners" name="runScenario" time="8.781"/>
  <system-out/>
  <testcase classname="org.example.testRunner.runners" name="runScenario" time="6.836"/>
  <system-out/>
  <testcase classname="org.example.testRunner.runners" name="runScenario" time="6.300"/>
  <system-out/>
  <testcase classname="org.example.testRunner.runners" name="runScenario" time="10.440"/>
  <system-out/>
  <testcase classname="org.example.testRunner.runners" name="runScenario" time="18.340"/>
  <system-out/>
  <testcase classname="org.example.testRunner.runners" name="runScenario" time="6.442"/>
  <system-out/>
  <testcase classname="org.example.testRunner.runners" name="runScenario" time="15.962"/>
  <system-out/>
  <testcase classname="org.example.testRunner.runners" name="runScenario" time="6.569"/>
  <system-out/>
  <testcase classname="org.example.testRunner.runners" name="runScenario" time="22.037"/>
  <system-out/>
</testsuite> <!-- org.example.testRunner.runners -->
